[2020-03-01 20:40:38] testing.ERROR: The /opt/project/bootstrap/cache directory must be present and writable. {"exception":"[object] (Exception(code: 0): The /opt/project/bootstrap/cache directory must be present and writable. at /opt/project/backend/vendor/laravel/framework/src/Illuminate/Foundation/ProviderRepository.php:190)
[stacktrace]
#0 /opt/project/backend/vendor/laravel/framework/src/Illuminate/Foundation/ProviderRepository.php(165): Illuminate\\Foundation\\ProviderRepository->writeManifest(Array)
#1 /opt/project/backend/vendor/laravel/framework/src/Illuminate/Foundation/ProviderRepository.php(61): Illuminate\\Foundation\\ProviderRepository->compileManifest(Array)
#2 /opt/project/backend/vendor/laravel/framework/src/Illuminate/Foundation/Application.php(585): Illuminate\\Foundation\\ProviderRepository->load(Array)
#3 /opt/project/backend/vendor/laravel/framework/src/Illuminate/Foundation/Bootstrap/RegisterProviders.php(17): Illuminate\\Foundation\\Application->registerConfiguredProviders()
#4 /opt/project/backend/vendor/laravel/framework/src/Illuminate/Foundation/Application.php(211): Illuminate\\Foundation\\Bootstrap\\RegisterProviders->bootstrap(Object(Illuminate\\Foundation\\Application))
#5 /opt/project/backend/vendor/laravel/framework/src/Illuminate/Foundation/Console/Kernel.php(320): Illuminate\\Foundation\\Application->bootstrapWith(Array)
#6 /opt/project/backend/tests/CreatesApplication.php(18): Illuminate\\Foundation\\Console\\Kernel->bootstrap()
#7 /opt/project/backend/tests/Bootstrap.php(26): Tests\\Bootstrap->createApplication()
#8 /opt/project/backend/vendor/phpunit/phpunit/src/TextUI/TestRunner.php(612): Tests\\Bootstrap->executeBeforeFirstTest()
#9 /opt/project/backend/vendor/phpunit/phpunit/src/TextUI/Command.php(201): PHPUnit\\TextUI\\TestRunner->doRun(Object(PHPUnit\\Framework\\TestSuite), Array, true)
#10 /opt/project/backend/vendor/phpunit/phpunit/src/TextUI/Command.php(160): PHPUnit\\TextUI\\Command->run(Array, true)
#11 /opt/project/backend/vendor/phpunit/phpunit/phpunit(61): PHPUnit\\TextUI\\Command::main()
#12 {main}
"} 
[2020-03-01 20:40:49] testing.ERROR: The /opt/project/bootstrap/cache directory must be present and writable. {"exception":"[object] (Exception(code: 0): The /opt/project/bootstrap/cache directory must be present and writable. at /opt/project/backend/vendor/laravel/framework/src/Illuminate/Foundation/ProviderRepository.php:190)
[stacktrace]
#0 /opt/project/backend/vendor/laravel/framework/src/Illuminate/Foundation/ProviderRepository.php(165): Illuminate\\Foundation\\ProviderRepository->writeManifest(Array)
#1 /opt/project/backend/vendor/laravel/framework/src/Illuminate/Foundation/ProviderRepository.php(61): Illuminate\\Foundation\\ProviderRepository->compileManifest(Array)
#2 /opt/project/backend/vendor/laravel/framework/src/Illuminate/Foundation/Application.php(585): Illuminate\\Foundation\\ProviderRepository->load(Array)
#3 /opt/project/backend/vendor/laravel/framework/src/Illuminate/Foundation/Bootstrap/RegisterProviders.php(17): Illuminate\\Foundation\\Application->registerConfiguredProviders()
#4 /opt/project/backend/vendor/laravel/framework/src/Illuminate/Foundation/Application.php(211): Illuminate\\Foundation\\Bootstrap\\RegisterProviders->bootstrap(Object(Illuminate\\Foundation\\Application))
#5 /opt/project/backend/vendor/laravel/framework/src/Illuminate/Foundation/Console/Kernel.php(320): Illuminate\\Foundation\\Application->bootstrapWith(Array)
#6 /opt/project/backend/tests/CreatesApplication.php(18): Illuminate\\Foundation\\Console\\Kernel->bootstrap()
#7 /opt/project/backend/tests/Bootstrap.php(26): Tests\\Bootstrap->createApplication()
#8 /opt/project/backend/vendor/phpunit/phpunit/src/TextUI/TestRunner.php(612): Tests\\Bootstrap->executeBeforeFirstTest()
#9 /opt/project/backend/vendor/phpunit/phpunit/src/TextUI/Command.php(201): PHPUnit\\TextUI\\TestRunner->doRun(Object(PHPUnit\\Framework\\TestSuite), Array, true)
#10 /opt/project/backend/vendor/phpunit/phpunit/src/TextUI/Command.php(160): PHPUnit\\TextUI\\Command->run(Array, true)
#11 /opt/project/backend/vendor/phpunit/phpunit/phpunit(61): PHPUnit\\TextUI\\Command::main()
#12 {main}
"} 
